<?xml version="1.0" encoding="UTF-8"?>
<testng-results ignored="0" total="2" passed="2" failed="0" skipped="0">
  <reporter-output>
  </reporter-output>
  <suite started-at="2025-04-19T15:47:40 IST" name="Master Suite" finished-at="2025-04-19T15:47:55 IST" duration-ms="14353">
    <groups>
      <group name="Master">
        <method signature="TC001_AcountRegistrationTest.verify_account_registration()[pri:0, instance:testCases.TC001_AcountRegistrationTest@1c93084c]" name="verify_account_registration" class="testCases.TC001_AcountRegistrationTest"/>
        <method signature="TC002_LoginTest.verify_Login()[pri:0, instance:testCases.TC002_LoginTest@659a969b]" name="verify_Login" class="testCases.TC002_LoginTest"/>
      </group> <!-- Master -->
      <group name="Sanity">
        <method signature="TC002_LoginTest.verify_Login()[pri:0, instance:testCases.TC002_LoginTest@659a969b]" name="verify_Login" class="testCases.TC002_LoginTest"/>
      </group> <!-- Sanity -->
      <group name="Regression">
        <method signature="TC001_AcountRegistrationTest.verify_account_registration()[pri:0, instance:testCases.TC001_AcountRegistrationTest@1c93084c]" name="verify_account_registration" class="testCases.TC001_AcountRegistrationTest"/>
      </group> <!-- Regression -->
    </groups>
    <test started-at="2025-04-19T15:47:40 IST" name="Test" finished-at="2025-04-19T15:47:55 IST" duration-ms="14353">
      <class name="testCases.TC002_LoginTest">
        <test-method is-config="true" signature="setup(java.lang.String,java.lang.String)[pri:0, instance:testCases.TC002_LoginTest@659a969b]" started-at="2025-04-19T15:47:48 IST" name="setup" finished-at="2025-04-19T15:47:53 IST" duration-ms="4883" status="PASS">
          <params>
            <param index="0">
              <value>
                <![CDATA[Windows]]>
              </value>
            </param>
            <param index="1">
              <value>
                <![CDATA[chrome]]>
              </value>
            </param>
          </params>
          <reporter-output>
          </reporter-output>
        </test-method> <!-- setup -->
        <test-method signature="verify_Login()[pri:0, instance:testCases.TC002_LoginTest@659a969b]" started-at="2025-04-19T15:47:53 IST" name="verify_Login" finished-at="2025-04-19T15:47:54 IST" duration-ms="1170" status="PASS">
          <reporter-output>
          </reporter-output>
        </test-method> <!-- verify_Login -->
        <test-method is-config="true" signature="tearDown()[pri:0, instance:testCases.TC002_LoginTest@659a969b]" started-at="2025-04-19T15:47:54 IST" name="tearDown" finished-at="2025-04-19T15:47:55 IST" duration-ms="239" status="PASS">
          <reporter-output>
          </reporter-output>
        </test-method> <!-- tearDown -->
      </class> <!-- testCases.TC002_LoginTest -->
      <class name="testCases.TC001_AcountRegistrationTest">
        <test-method is-config="true" signature="setup(java.lang.String,java.lang.String)[pri:0, instance:testCases.TC001_AcountRegistrationTest@1c93084c]" started-at="2025-04-19T15:47:40 IST" name="setup" finished-at="2025-04-19T15:47:46 IST" duration-ms="6168" status="PASS">
          <params>
            <param index="0">
              <value>
                <![CDATA[Windows]]>
              </value>
            </param>
            <param index="1">
              <value>
                <![CDATA[chrome]]>
              </value>
            </param>
          </params>
          <reporter-output>
          </reporter-output>
        </test-method> <!-- setup -->
        <test-method signature="verify_account_registration()[pri:0, instance:testCases.TC001_AcountRegistrationTest@1c93084c]" started-at="2025-04-19T15:47:46 IST" name="verify_account_registration" finished-at="2025-04-19T15:47:48 IST" duration-ms="1469" status="PASS">
          <reporter-output>
          </reporter-output>
        </test-method> <!-- verify_account_registration -->
        <test-method is-config="true" signature="tearDown()[pri:0, instance:testCases.TC001_AcountRegistrationTest@1c93084c]" started-at="2025-04-19T15:47:48 IST" name="tearDown" finished-at="2025-04-19T15:47:48 IST" duration-ms="248" status="PASS">
          <reporter-output>
          </reporter-output>
        </test-method> <!-- tearDown -->
      </class> <!-- testCases.TC001_AcountRegistrationTest -->
    </test> <!-- Test -->
  </suite> <!-- Master Suite -->
</testng-results>
