<?xml version="1.0" encoding="UTF-8"?>
<testsuite xmlns:xsi="http://www.w3.org/2001/XMLSchema-instance" xsi:noNamespaceSchemaLocation="https://maven.apache.org/surefire/maven-surefire-plugin/xsd/surefire-test-report.xsd" version="3.0.2" name="TestSuite" time="15.773" tests="2" errors="0" skipped="0" failures="0">
  <properties>
[...]
</properties>
  <testcase name="verify_account_registration" classname="testCases.TC001_AcountRegistrationTest" time="1.466">
    <system-out><![CDATA[2025-04-19T10:17:40.983922100Z main DEBUG Apache Log4j Core 2.24 initializing configuration XmlConfiguration[location=D:\TESTING_DECEMBER\Selenium_Java_Eclipse\OpenCartV1\target\test-classes\log4j2.xml, lastModified=2025-04-19T09:07:41.063Z]
2025-04-19T10:17:40.985940900Z main DEBUG PluginManager 'Core' found 131 plugins
2025-04-19T10:17:40.986921900Z main DEBUG PluginManager 'Level' found 0 plugins
2025-04-19T10:17:40.995922400Z main DEBUG Building Plugin[name=Property, class=org.apache.logging.log4j.core.config.Property].
2025-04-19T10:17:41.003923Z main DEBUG PluginManager 'TypeConverter' found 26 plugins
2025-04-19T10:17:41.008928200Z main DEBUG createProperty(name="log-path", value="./logs", Configuration(D:\TESTING_DECEMBER\Selenium_Java_Eclipse\OpenCartV1\target\test-classes\log4j2.xml))
2025-04-19T10:17:41.008928200Z main DEBUG Building Plugin[name=Property, class=org.apache.logging.log4j.core.config.Property].
2025-04-19T10:17:41.009927900Z main DEBUG createProperty(name="log-pattern", value="%d{yyyy-MM-dd HH:mm:ss} %-5p %c{1}:%L - %m%n", Configuration(D:\TESTING_DECEMBER\Selenium_Java_Eclipse\OpenCartV1\target\test-classes\log4j2.xml))
2025-04-19T10:17:41.009927900Z main DEBUG Building Plugin[name=Properties, class=org.apache.logging.log4j.core.config.PropertiesPlugin].
2025-04-19T10:17:41.011923400Z main DEBUG configureSubstitutor(={log-path=./logs, log-pattern=%d{yyyy-MM-dd HH:mm:ss} %-5p %c{1}:%L - %m%n}, Configuration(D:\TESTING_DECEMBER\Selenium_Java_Eclipse\OpenCartV1\target\test-classes\log4j2.xml))
2025-04-19T10:17:41.013922400Z main DEBUG PluginManager 'Lookup' found 16 plugins
2025-04-19T10:17:41.013922400Z main DEBUG Building Plugin[name=layout, class=org.apache.logging.log4j.core.layout.PatternLayout].
2025-04-19T10:17:41.017921800Z main DEBUG PatternLayout$Builder(pattern="%d{yyyy-MM-dd HH:mm:ss} %-5p %c{1}:%L - %m%n", PatternSelector=null, Configuration(D:\TESTING_DECEMBER\Selenium_Java_Eclipse\OpenCartV1\target\test-classes\log4j2.xml), Replace=null, charset="null", alwaysWriteExceptions="null", disableAnsi="null", noConsoleNoAnsi="null", header="null", footer="null")
2025-04-19T10:17:41.017921800Z main DEBUG PluginManager 'Converter' found 45 plugins
2025-04-19T10:17:41.020927100Z main DEBUG Building Plugin[name=appender, class=org.apache.logging.log4j.core.appender.ConsoleAppender].
2025-04-19T10:17:41.025925100Z main DEBUG ConsoleAppender$Builder(target="SYSTEM_OUT", follow="null", direct="null", bufferedIo="null", bufferSize="null", immediateFlush="null", ignoreExceptions="null", PatternLayout(%d{yyyy-MM-dd HH:mm:ss} %-5p %c{1}:%L - %m%n), name="Console", Configuration(D:\TESTING_DECEMBER\Selenium_Java_Eclipse\OpenCartV1\target\test-classes\log4j2.xml), Filter=null, ={})
2025-04-19T10:17:41.026922700Z main DEBUG Starting OutputStreamManager SYSTEM_OUT.false.false
2025-04-19T10:17:41.027946Z main DEBUG Building Plugin[name=layout, class=org.apache.logging.log4j.core.layout.PatternLayout].
2025-04-19T10:17:41.027946Z main DEBUG PatternLayout$Builder(pattern="%d{yyyy-MM-dd HH:mm:ss} %-5p %c{1}:%L - %m%n", PatternSelector=null, Configuration(D:\TESTING_DECEMBER\Selenium_Java_Eclipse\OpenCartV1\target\test-classes\log4j2.xml), Replace=null, charset="null", alwaysWriteExceptions="null", disableAnsi="null", noConsoleNoAnsi="null", header="null", footer="null")
2025-04-19T10:17:41.028953300Z main DEBUG Building Plugin[name=TimeBasedTriggeringPolicy, class=org.apache.logging.log4j.core.appender.rolling.TimeBasedTriggeringPolicy].
2025-04-19T10:17:41.031951300Z main DEBUG TimeBasedTriggeringPolicy$Builder(interval="null", modulate="null", maxRandomDelay="null")
2025-04-19T10:17:41.031951300Z main DEBUG Building Plugin[name=SizeBasedTriggeringPolicy, class=org.apache.logging.log4j.core.appender.rolling.SizeBasedTriggeringPolicy].
2025-04-19T10:17:41.032958300Z main DEBUG createPolicy(size="1MB")
2025-04-19T10:17:41.033960200Z main DEBUG Building Plugin[name=Policies, class=org.apache.logging.log4j.core.appender.rolling.CompositeTriggeringPolicy].
2025-04-19T10:17:41.034959700Z main DEBUG createPolicy(={TimeBasedTriggeringPolicy(nextRolloverMillis=0, interval=1, modulate=false), SizeBasedTriggeringPolicy(size=1048576)})
2025-04-19T10:17:41.034959700Z main DEBUG Building Plugin[name=DefaultRolloverStrategy, class=org.apache.logging.log4j.core.appender.rolling.DefaultRolloverStrategy].
2025-04-19T10:17:41.037960400Z main DEBUG DefaultRolloverStrategy$Builder(max="10", min="null", fileIndex="null", compressionLevel="null", ={}, stopCustomActionsOnError="null", tempCompressedFilePattern="null", Configuration(D:\TESTING_DECEMBER\Selenium_Java_Eclipse\OpenCartV1\target\test-classes\log4j2.xml))
2025-04-19T10:17:41.038961800Z main DEBUG Building Plugin[name=appender, class=org.apache.logging.log4j.core.appender.RollingFileAppender].
2025-04-19T10:17:41.040956300Z main DEBUG RollingFileAppender$Builder(fileName="./logs/automation.log", filePattern="./logs/automation-%d{MM-dd-yyyy}-%i.log.gz", append="null", locking="null", Policies(CompositeTriggeringPolicy(policies=[TimeBasedTriggeringPolicy(nextRolloverMillis=0, interval=1, modulate=false), SizeBasedTriggeringPolicy(size=1048576)])), DefaultRolloverStrategy(DefaultRolloverStrategy(min=1, max=10, useMax=true)), advertise="null", advertiseUri="null", createOnDemand="null", filePermissions="null", fileOwner="null", fileGroup="null", bufferedIo="null", bufferSize="null", immediateFlush="null", ignoreExceptions="null", PatternLayout(%d{yyyy-MM-dd HH:mm:ss} %-5p %c{1}:%L - %m%n), name="File", Configuration(D:\TESTING_DECEMBER\Selenium_Java_Eclipse\OpenCartV1\target\test-classes\log4j2.xml), Filter=null, ={})
2025-04-19T10:17:41.059861500Z main DEBUG Returning file creation time for D:\TESTING_DECEMBER\Selenium_Java_Eclipse\OpenCartV1\.\logs\automation.log
2025-04-19T10:17:41.059861500Z main DEBUG Starting RollingFileManager ./logs/automation.log
2025-04-19T10:17:41.061891100Z main DEBUG PluginManager 'FileConverter' found 2 plugins
2025-04-19T10:17:41.064886800Z main DEBUG Setting prev file time to 2025-04-19T00:19:17.805+0530
2025-04-19T10:17:41.064886800Z main DEBUG Initializing triggering policy CompositeTriggeringPolicy(policies=[TimeBasedTriggeringPolicy(nextRolloverMillis=0, interval=1, modulate=false), SizeBasedTriggeringPolicy(size=1048576)])
2025-04-19T10:17:41.064886800Z main DEBUG Initializing triggering policy TimeBasedTriggeringPolicy(nextRolloverMillis=0, interval=1, modulate=false)
2025-04-19T10:17:41.064886800Z main DEBUG Initializing triggering policy SizeBasedTriggeringPolicy(size=1048576)
2025-04-19T10:17:41.064886800Z main DEBUG Building Plugin[name=Appenders, class=org.apache.logging.log4j.core.config.AppendersPlugin].
2025-04-19T10:17:41.065868900Z main DEBUG createAppenders(={Console, File})
2025-04-19T10:17:41.065868900Z main DEBUG Building Plugin[name=AppenderRef, class=org.apache.logging.log4j.core.config.AppenderRef].
2025-04-19T10:17:41.065868900Z main DEBUG createAppenderRef(ref="File", level="null", Filter=null)
2025-04-19T10:17:41.066869800Z main DEBUG Building Plugin[name=Root, class=org.apache.logging.log4j.core.config.LoggerConfig$RootLogger].
2025-04-19T10:17:41.067870200Z main DEBUG LoggerConfig$RootLogger$Builder(additivity="null", level="INFO", levelAndRefs="null", includeLocation="null", ={File}, ={}, Configuration(D:\TESTING_DECEMBER\Selenium_Java_Eclipse\OpenCartV1\target\test-classes\log4j2.xml), Filter=null)
2025-04-19T10:17:41.069869900Z main DEBUG Building Plugin[name=Loggers, class=org.apache.logging.log4j.core.config.LoggersPlugin].
2025-04-19T10:17:41.070875200Z main DEBUG createLoggers(={root})
2025-04-19T10:17:41.070875200Z main DEBUG Configuration XmlConfiguration[location=D:\TESTING_DECEMBER\Selenium_Java_Eclipse\OpenCartV1\target\test-classes\log4j2.xml, lastModified=2025-04-19T09:07:41.063Z] initialized
2025-04-19T10:17:41.070875200Z main INFO Starting configuration XmlConfiguration[location=D:\TESTING_DECEMBER\Selenium_Java_Eclipse\OpenCartV1\target\test-classes\log4j2.xml, lastModified=2025-04-19T09:07:41.063Z]...
2025-04-19T10:17:41.070875200Z main INFO Start watching for changes to D:\TESTING_DECEMBER\Selenium_Java_Eclipse\OpenCartV1\target\test-classes\log4j2.xml every 0 seconds
2025-04-19T10:17:41.071877Z main INFO Configuration XmlConfiguration[location=D:\TESTING_DECEMBER\Selenium_Java_Eclipse\OpenCartV1\target\test-classes\log4j2.xml, lastModified=2025-04-19T09:07:41.063Z] started.
2025-04-19T10:17:41.074873700Z main INFO Stopping configuration org.apache.logging.log4j.core.config.DefaultConfiguration@2ea6e30c...
2025-04-19T10:17:41.074873700Z main DEBUG Shutting down OutputStreamManager SYSTEM_OUT.false.false-1
2025-04-19T10:17:41.074873700Z main DEBUG OutputStream closed
2025-04-19T10:17:41.075876300Z main DEBUG Shut down OutputStreamManager SYSTEM_OUT.false.false-1, all resources released: true
2025-04-19T10:17:41.075876300Z main DEBUG Appender DefaultConsole-1 stopped with status true
2025-04-19T10:17:41.075876300Z main INFO Configuration org.apache.logging.log4j.core.config.DefaultConfiguration@2ea6e30c stopped.
2025-04-19T10:17:41.076893300Z main DEBUG org.apache.logging.log4j.core.util.SystemClock supports precise timestamps.
2025-04-19T10:17:41.077887300Z main DEBUG Reconfiguration complete for context[name=73d16e93] at URI D:\TESTING_DECEMBER\Selenium_Java_Eclipse\OpenCartV1\target\test-classes\log4j2.xml (org.apache.logging.log4j.core.LoggerContext@56a4479a) with optional ClassLoader: null
2025-04-19T10:17:41.077887300Z main DEBUG Shutdown hook enabled. Registering a new one.
2025-04-19T10:17:41.077887300Z main DEBUG LoggerContext[name=73d16e93, org.apache.logging.log4j.core.LoggerContext@56a4479a] started OK.
]]></system-out>
    <system-err><![CDATA[Apr 19, 2025 3:47:42 PM org.openqa.selenium.devtools.CdpVersionFinder findNearestMatch
WARNING: Unable to find an exact match for CDP version 135, returning the closest version; found: 134; Please update to a Selenium version that supports CDP version 135
]]></system-err>
  </testcase>
  <testcase name="verify_Login" classname="testCases.TC002_LoginTest" time="1.168">
    <system-err><![CDATA[Apr 19, 2025 3:47:49 PM org.openqa.selenium.devtools.CdpVersionFinder findNearestMatch
WARNING: Unable to find an exact match for CDP version 135, returning the closest version; found: 134; Please update to a Selenium version that supports CDP version 135
]]></system-err>
  </testcase>
</testsuite>